{"D:\\Programming\\react-mock-exam\\src\\client\\adddish.jsx": {"path":"D:\\Programming\\react-mock-exam\\src\\client\\adddish.jsx","statementMap":{"0":{"start":{"line":1,"column":0},"end":{"line":null,"column":-1}},"1":{"start":{"line":2,"column":0},"end":{"line":null,"column":-1}},"2":{"start":{"line":7,"column":8},"end":{"line":null,"column":-1}},"3":{"start":{"line":6,"column":22},"end":{"line":null,"column":-1}},"4":{"start":{"line":12,"column":24},"end":{"line":12,"column":8}},"5":{"start":{"line":13,"column":25},"end":{"line":13,"column":8}},"6":{"start":{"line":21,"column":8},"end":{"line":null,"column":-1}},"7":{"start":{"line":25,"column":8},"end":{"line":null,"column":-1}}},"fnMap":{"0":{"name":"(anonymous_1)","decl":{"start":{"line":6,"column":4},"end":{"line":6,"column":15}},"loc":{"start":{"line":6,"column":22},"end":{"line":8,"column":5}}},"1":{"name":"(anonymous_2)","decl":{"start":{"line":10,"column":14},"end":{"line":10,"column":20}},"loc":{"start":{"line":10,"column":36},"end":{"line":6,"column":22}}},"2":{"name":"(anonymous_3)","decl":{"start":{"line":24,"column":4},"end":{"line":24,"column":11}},"loc":{"start":{"line":24,"column":12},"end":{"line":30,"column":5}}}},"branchMap":{},"s":{"0":0,"1":0,"2":0,"3":0,"4":0,"5":0,"6":0,"7":0},"f":{"0":0,"1":0,"2":0},"b":{}}
,"D:\\Programming\\react-mock-exam\\src\\client\\chatroom.jsx": {"path":"D:\\Programming\\react-mock-exam\\src\\client\\chatroom.jsx","statementMap":{"0":{"start":{"line":7,"column":8},"end":{"line":7,"column":20}},"1":{"start":{"line":8,"column":8},"end":{"line":12,"column":10}},"2":{"start":{"line":16,"column":8},"end":{"line":16,"column":68}},"3":{"start":{"line":17,"column":8},"end":{"line":28,"column":11}},"4":{"start":{"line":18,"column":28},"end":{"line":18,"column":50}},"5":{"start":{"line":19,"column":12},"end":{"line":27,"column":14}},"6":{"start":{"line":21,"column":20},"end":{"line":25,"column":21}},"7":{"start":{"line":22,"column":24},"end":{"line":22,"column":51}},"8":{"start":{"line":24,"column":24},"end":{"line":24,"column":74}},"9":{"start":{"line":32,"column":8},"end":{"line":32,"column":50}},"10":{"start":{"line":36,"column":8},"end":{"line":36,"column":50}},"11":{"start":{"line":40,"column":24},"end":{"line":40,"column":79}},"12":{"start":{"line":41,"column":8},"end":{"line":41,"column":34}},"13":{"start":{"line":42,"column":8},"end":{"line":42,"column":34}},"14":{"start":{"line":47,"column":23},"end":{"line":47,"column":34}},"15":{"start":{"line":48,"column":8},"end":{"line":54,"column":9}},"16":{"start":{"line":49,"column":12},"end":{"line":53,"column":19}},"17":{"start":{"line":51,"column":20},"end":{"line":51,"column":78}},"18":{"start":{"line":56,"column":8},"end":{"line":102,"column":9}},"19":{"start":{"line":57,"column":12},"end":{"line":80,"column":14}},"20":{"start":{"line":78,"column":68},"end":{"line":78,"column":97}},"21":{"start":{"line":82,"column":12},"end":{"line":101,"column":14}},"22":{"start":{"line":99,"column":68},"end":{"line":99,"column":99}}},"fnMap":{"0":{"name":"(anonymous_0)","decl":{"start":{"line":6,"column":4},"end":{"line":6,"column":5}},"loc":{"start":{"line":6,"column":22},"end":{"line":13,"column":5}},"line":6},"1":{"name":"(anonymous_1)","decl":{"start":{"line":15,"column":4},"end":{"line":15,"column":5}},"loc":{"start":{"line":15,"column":29},"end":{"line":29,"column":5}},"line":15},"2":{"name":"(anonymous_2)","decl":{"start":{"line":17,"column":34},"end":{"line":17,"column":35}},"loc":{"start":{"line":17,"column":43},"end":{"line":28,"column":9}},"line":17},"3":{"name":"(anonymous_3)","decl":{"start":{"line":20,"column":16},"end":{"line":20,"column":17}},"loc":{"start":{"line":20,"column":24},"end":{"line":26,"column":17}},"line":20},"4":{"name":"(anonymous_4)","decl":{"start":{"line":31,"column":19},"end":{"line":31,"column":20}},"loc":{"start":{"line":31,"column":30},"end":{"line":33,"column":5}},"line":31},"5":{"name":"(anonymous_5)","decl":{"start":{"line":35,"column":19},"end":{"line":35,"column":20}},"loc":{"start":{"line":35,"column":30},"end":{"line":37,"column":5}},"line":35},"6":{"name":"(anonymous_6)","decl":{"start":{"line":39,"column":14},"end":{"line":39,"column":15}},"loc":{"start":{"line":39,"column":26},"end":{"line":43,"column":5}},"line":39},"7":{"name":"(anonymous_7)","decl":{"start":{"line":45,"column":4},"end":{"line":45,"column":5}},"loc":{"start":{"line":45,"column":13},"end":{"line":103,"column":5}},"line":45},"8":{"name":"(anonymous_8)","decl":{"start":{"line":50,"column":41},"end":{"line":50,"column":42}},"loc":{"start":{"line":51,"column":20},"end":{"line":51,"column":78}},"line":51},"9":{"name":"(anonymous_9)","decl":{"start":{"line":78,"column":62},"end":{"line":78,"column":63}},"loc":{"start":{"line":78,"column":68},"end":{"line":78,"column":97}},"line":78},"10":{"name":"(anonymous_10)","decl":{"start":{"line":99,"column":62},"end":{"line":99,"column":63}},"loc":{"start":{"line":99,"column":68},"end":{"line":99,"column":99}},"line":99}},"branchMap":{"0":{"loc":{"start":{"line":21,"column":20},"end":{"line":25,"column":21}},"type":"if","locations":[{"start":{"line":21,"column":20},"end":{"line":25,"column":21}},{"start":{"line":21,"column":20},"end":{"line":25,"column":21}}],"line":21},"1":{"loc":{"start":{"line":48,"column":8},"end":{"line":54,"column":9}},"type":"if","locations":[{"start":{"line":48,"column":8},"end":{"line":54,"column":9}},{"start":{"line":48,"column":8},"end":{"line":54,"column":9}}],"line":48},"2":{"loc":{"start":{"line":56,"column":8},"end":{"line":102,"column":9}},"type":"if","locations":[{"start":{"line":56,"column":8},"end":{"line":102,"column":9}},{"start":{"line":56,"column":8},"end":{"line":102,"column":9}}],"line":56}},"s":{"0":1,"1":1,"2":1,"3":0,"4":0,"5":0,"6":0,"7":0,"8":0,"9":0,"10":0,"11":0,"12":0,"13":0,"14":1,"15":1,"16":0,"17":0,"18":1,"19":1,"20":0,"21":0,"22":0},"f":{"0":1,"1":1,"2":0,"3":0,"4":0,"5":0,"6":0,"7":1,"8":0,"9":0,"10":0},"b":{"0":[0,0],"1":[0,1],"2":[1,0]},"_coverageSchema":"332fd63041d2c1bcb487cc26dd0d5f7d97098a6c","hash":"b36c9cde1786b9da878595d936e07fb318e60529"}
,"D:\\Programming\\react-mock-exam\\src\\client\\dish.jsx": {"path":"D:\\Programming\\react-mock-exam\\src\\client\\dish.jsx","statementMap":{"0":{"start":{"line":1,"column":0},"end":{"line":null,"column":-1}},"1":{"start":{"line":2,"column":0},"end":{"line":null,"column":-1}},"2":{"start":{"line":7,"column":8},"end":{"line":null,"column":-1}},"3":{"start":{"line":6,"column":22},"end":{"line":null,"column":-1}},"4":{"start":{"line":22,"column":8},"end":{"line":null,"column":-1}},"5":{"start":{"line":24,"column":19},"end":{"line":24,"column":8}},"6":{"start":{"line":31,"column":8},"end":{"line":null,"column":-1}},"7":{"start":{"line":35,"column":8},"end":{"line":null,"column":-1}},"8":{"start":{"line":8,"column":8},"end":{"line":null,"column":-1}},"9":{"start":{"line":15,"column":8},"end":{"line":null,"column":-1}},"10":{"start":{"line":39,"column":9},"end":{"line":null,"column":-1}}},"fnMap":{"0":{"name":"(anonymous_1)","decl":{"start":{"line":6,"column":4},"end":{"line":6,"column":15}},"loc":{"start":{"line":6,"column":22},"end":{"line":12,"column":5}}},"1":{"name":"(anonymous_2)","decl":{"start":{"line":21,"column":19},"end":{"line":21,"column":25}},"loc":{"start":{"line":21,"column":36},"end":{"line":6,"column":22}}},"2":{"name":"(anonymous_3)","decl":{"start":{"line":30,"column":18},"end":{"line":30,"column":16}},"loc":{"start":{"line":30,"column":28},"end":{"line":6,"column":22}}},"3":{"name":"(anonymous_4)","decl":{"start":{"line":34,"column":18},"end":{"line":34,"column":16}},"loc":{"start":{"line":34,"column":28},"end":{"line":6,"column":22}}},"4":{"name":"(anonymous_5)","decl":{"start":{"line":14,"column":4},"end":{"line":14,"column":29}},"loc":{"start":{"line":14,"column":39},"end":{"line":19,"column":5}}},"5":{"name":"(anonymous_6)","decl":{"start":{"line":38,"column":4},"end":{"line":38,"column":11}},"loc":{"start":{"line":38,"column":12},"end":{"line":50,"column":5}}}},"branchMap":{},"s":{"0":0,"1":0,"2":0,"3":0,"4":0,"5":0,"6":0,"7":0,"8":0,"9":0,"10":0},"f":{"0":0,"1":0,"2":0,"3":0,"4":0,"5":0},"b":{}}
,"D:\\Programming\\react-mock-exam\\src\\client\\editdish.jsx": {"path":"D:\\Programming\\react-mock-exam\\src\\client\\editdish.jsx","statementMap":{"0":{"start":{"line":1,"column":0},"end":{"line":null,"column":-1}},"1":{"start":{"line":2,"column":0},"end":{"line":null,"column":-1}},"2":{"start":{"line":7,"column":8},"end":{"line":null,"column":-1}},"3":{"start":{"line":6,"column":22},"end":{"line":null,"column":-1}},"4":{"start":{"line":24,"column":19},"end":{"line":24,"column":8}},"5":{"start":{"line":25,"column":24},"end":{"line":25,"column":8}},"6":{"start":{"line":26,"column":25},"end":{"line":26,"column":8}},"7":{"start":{"line":34,"column":8},"end":{"line":null,"column":-1}},"8":{"start":{"line":8,"column":8},"end":{"line":null,"column":-1}},"9":{"start":{"line":12,"column":8},"end":{"line":null,"column":-1}},"10":{"start":{"line":16,"column":25},"end":{"line":16,"column":8}},"11":{"start":{"line":17,"column":21},"end":{"line":17,"column":8}},"12":{"start":{"line":18,"column":8},"end":{"line":null,"column":-1}},"13":{"start":{"line":19,"column":8},"end":{"line":null,"column":-1}},"14":{"start":{"line":38,"column":8},"end":{"line":null,"column":-1}}},"fnMap":{"0":{"name":"(anonymous_1)","decl":{"start":{"line":6,"column":4},"end":{"line":6,"column":15}},"loc":{"start":{"line":6,"column":22},"end":{"line":13,"column":5}}},"1":{"name":"(anonymous_2)","decl":{"start":{"line":22,"column":15},"end":{"line":22,"column":21}},"loc":{"start":{"line":22,"column":37},"end":{"line":6,"column":22}}},"2":{"name":"(anonymous_3)","decl":{"start":{"line":15,"column":4},"end":{"line":15,"column":9}},"loc":{"start":{"line":15,"column":29},"end":{"line":20,"column":5}}},"3":{"name":"(anonymous_4)","decl":{"start":{"line":37,"column":4},"end":{"line":37,"column":11}},"loc":{"start":{"line":37,"column":12},"end":{"line":46,"column":5}}}},"branchMap":{},"s":{"0":0,"1":0,"2":0,"3":0,"4":0,"5":0,"6":0,"7":0,"8":0,"9":0,"10":0,"11":0,"12":0,"13":0,"14":0},"f":{"0":0,"1":0,"2":0,"3":0},"b":{}}
,"D:\\Programming\\react-mock-exam\\src\\client\\editmenu.jsx": {"path":"D:\\Programming\\react-mock-exam\\src\\client\\editmenu.jsx","statementMap":{"0":{"start":{"line":1,"column":0},"end":{"line":null,"column":-1}},"1":{"start":{"line":2,"column":0},"end":{"line":null,"column":-1}},"2":{"start":{"line":7,"column":8},"end":{"line":null,"column":-1}},"3":{"start":{"line":6,"column":22},"end":{"line":null,"column":-1}},"4":{"start":{"line":16,"column":25},"end":{"line":16,"column":8}},"5":{"start":{"line":17,"column":21},"end":{"line":17,"column":8}},"6":{"start":{"line":18,"column":8},"end":{"line":null,"column":-1}},"7":{"start":{"line":8,"column":8},"end":{"line":null,"column":-1}},"8":{"start":{"line":12,"column":8},"end":{"line":null,"column":-1}},"9":{"start":{"line":25,"column":27},"end":{"line":25,"column":8}},"10":{"start":{"line":27,"column":8},"end":{"line":39,"column":9}},"11":{"start":{"line":28,"column":11},"end":{"line":null,"column":-1}},"12":{"start":{"line":36,"column":12},"end":{"line":null,"column":-1}}},"fnMap":{"0":{"name":"(anonymous_1)","decl":{"start":{"line":6,"column":4},"end":{"line":6,"column":15}},"loc":{"start":{"line":6,"column":22},"end":{"line":13,"column":5}}},"1":{"name":"(anonymous_2)","decl":{"start":{"line":15,"column":24},"end":{"line":15,"column":35}},"loc":{"start":{"line":15,"column":36},"end":{"line":6,"column":22}}},"2":{"name":"(anonymous_3)","decl":{"start":{"line":24,"column":4},"end":{"line":24,"column":11}},"loc":{"start":{"line":24,"column":12},"end":{"line":40,"column":5}}}},"branchMap":{"0":{"loc":{"start":{"line":27,"column":8},"end":{"line":39,"column":9}},"type":"if","locations":[{"start":{"line":27,"column":8},"end":{"line":39,"column":9}},{"start":{"line":27,"column":8},"end":{"line":39,"column":9}}]}},"s":{"0":0,"1":0,"2":0,"3":0,"4":0,"5":0,"6":0,"7":0,"8":0,"9":0,"10":0,"11":0,"12":0},"f":{"0":0,"1":0,"2":0},"b":{"0":[0,0]}}
,"D:\\Programming\\react-mock-exam\\src\\client\\home.jsx": {"path":"D:\\Programming\\react-mock-exam\\src\\client\\home.jsx","statementMap":{"0":{"start":{"line":9,"column":8},"end":{"line":9,"column":20}},"1":{"start":{"line":10,"column":8},"end":{"line":12,"column":9}},"2":{"start":{"line":16,"column":8},"end":{"line":16,"column":24}},"3":{"start":{"line":20,"column":25},"end":{"line":23,"column":12}},"4":{"start":{"line":24,"column":8},"end":{"line":27,"column":9}},"5":{"start":{"line":25,"column":28},"end":{"line":25,"column":49}},"6":{"start":{"line":26,"column":12},"end":{"line":26,"column":53}},"7":{"start":{"line":31,"column":8},"end":{"line":31,"column":40}},"8":{"start":{"line":35,"column":8},"end":{"line":56,"column":9}}},"fnMap":{"0":{"name":"(anonymous_0)","decl":{"start":{"line":8,"column":4},"end":{"line":8,"column":5}},"loc":{"start":{"line":8,"column":22},"end":{"line":13,"column":5}},"line":8},"1":{"name":"(anonymous_1)","decl":{"start":{"line":15,"column":4},"end":{"line":15,"column":5}},"loc":{"start":{"line":15,"column":24},"end":{"line":17,"column":5}},"line":15},"2":{"name":"(anonymous_2)","decl":{"start":{"line":19,"column":16},"end":{"line":19,"column":17}},"loc":{"start":{"line":19,"column":28},"end":{"line":28,"column":5}},"line":19},"3":{"name":"(anonymous_3)","decl":{"start":{"line":30,"column":27},"end":{"line":30,"column":28}},"loc":{"start":{"line":30,"column":39},"end":{"line":32,"column":5}},"line":30},"4":{"name":"(anonymous_4)","decl":{"start":{"line":34,"column":4},"end":{"line":34,"column":5}},"loc":{"start":{"line":34,"column":12},"end":{"line":57,"column":5}},"line":34}},"branchMap":{"0":{"loc":{"start":{"line":24,"column":8},"end":{"line":27,"column":9}},"type":"if","locations":[{"start":{"line":24,"column":8},"end":{"line":27,"column":9}},{"start":{"line":24,"column":8},"end":{"line":27,"column":9}}],"line":24}},"s":{"0":1,"1":1,"2":1,"3":1,"4":0,"5":0,"6":0,"7":0,"8":1},"f":{"0":1,"1":1,"2":1,"3":0,"4":1},"b":{"0":[0,0]},"_coverageSchema":"332fd63041d2c1bcb487cc26dd0d5f7d97098a6c","hash":"cd3a8cf08202536ba4fc3df4e1136c24bebbc7f0"}
,"D:\\Programming\\react-mock-exam\\src\\client\\index.jsx": {"path":"D:\\Programming\\react-mock-exam\\src\\client\\index.jsx","statementMap":{"0":{"start":{"line":1,"column":0},"end":{"line":null,"column":-1}},"1":{"start":{"line":2,"column":0},"end":{"line":null,"column":-1}},"2":{"start":{"line":3,"column":0},"end":{"line":null,"column":-1}},"3":{"start":{"line":4,"column":0},"end":{"line":null,"column":-1}},"4":{"start":{"line":5,"column":0},"end":{"line":null,"column":-1}},"5":{"start":{"line":6,"column":0},"end":{"line":null,"column":-1}},"6":{"start":{"line":7,"column":0},"end":{"line":null,"column":-1}},"7":{"start":{"line":9,"column":12},"end":{"line":9,"column":0}},"8":{"start":{"line":12,"column":4},"end":{"line":null,"column":-1}},"9":{"start":{"line":26,"column":0},"end":{"line":null,"column":-1}}},"fnMap":{"0":{"name":"(anonymous_1)","decl":{"start":{"line":9,"column":12},"end":{"line":9,"column":16}},"loc":{"start":{"line":9,"column":17},"end":{"line":9,"column":0}}}},"branchMap":{},"s":{"0":0,"1":0,"2":0,"3":0,"4":0,"5":0,"6":0,"7":0,"8":0,"9":0},"f":{"0":0},"b":{}}
,"D:\\Programming\\react-mock-exam\\src\\client\\menu.jsx": {"path":"D:\\Programming\\react-mock-exam\\src\\client\\menu.jsx","statementMap":{"0":{"start":{"line":8,"column":8},"end":{"line":8,"column":20}},"1":{"start":{"line":9,"column":8},"end":{"line":13,"column":13}},"2":{"start":{"line":17,"column":8},"end":{"line":17,"column":24}},"3":{"start":{"line":18,"column":8},"end":{"line":21,"column":10}},"4":{"start":{"line":25,"column":25},"end":{"line":25,"column":47}},"5":{"start":{"line":26,"column":21},"end":{"line":26,"column":42}},"6":{"start":{"line":27,"column":8},"end":{"line":29,"column":10}},"7":{"start":{"line":33,"column":26},"end":{"line":33,"column":41}},"8":{"start":{"line":34,"column":8},"end":{"line":34,"column":37}},"9":{"start":{"line":35,"column":8},"end":{"line":35,"column":42}},"10":{"start":{"line":39,"column":26},"end":{"line":39,"column":41}},"11":{"start":{"line":40,"column":8},"end":{"line":45,"column":10}},"12":{"start":{"line":41,"column":12},"end":{"line":43,"column":13}},"13":{"start":{"line":42,"column":16},"end":{"line":42,"column":51}},"14":{"start":{"line":44,"column":12},"end":{"line":44,"column":46}},"15":{"start":{"line":49,"column":20},"end":{"line":49,"column":38}},"16":{"start":{"line":50,"column":25},"end":{"line":50,"column":61}},"17":{"start":{"line":51,"column":8},"end":{"line":51,"column":29}},"18":{"start":{"line":52,"column":8},"end":{"line":52,"column":25}},"19":{"start":{"line":56,"column":27},"end":{"line":56,"column":37}},"20":{"start":{"line":57,"column":23},"end":{"line":57,"column":27}},"21":{"start":{"line":58,"column":24},"end":{"line":58,"column":36}},"22":{"start":{"line":59,"column":25},"end":{"line":65,"column":10}},"23":{"start":{"line":67,"column":8},"end":{"line":67,"column":36}},"24":{"start":{"line":71,"column":34},"end":{"line":71,"column":44}},"25":{"start":{"line":72,"column":24},"end":{"line":95,"column":16}},"26":{"start":{"line":82,"column":20},"end":{"line":92,"column":25}},"27":{"start":{"line":90,"column":81},"end":{"line":90,"column":99}},"28":{"start":{"line":97,"column":24},"end":{"line":125,"column":16}},"29":{"start":{"line":107,"column":16},"end":{"line":121,"column":21}},"30":{"start":{"line":110,"column":78},"end":{"line":110,"column":96}},"31":{"start":{"line":119,"column":78},"end":{"line":119,"column":93}},"32":{"start":{"line":127,"column":8},"end":{"line":139,"column":9}},"33":{"start":{"line":137,"column":69},"end":{"line":137,"column":91}}},"fnMap":{"0":{"name":"(anonymous_0)","decl":{"start":{"line":7,"column":4},"end":{"line":7,"column":5}},"loc":{"start":{"line":7,"column":22},"end":{"line":14,"column":5}},"line":7},"1":{"name":"(anonymous_1)","decl":{"start":{"line":16,"column":4},"end":{"line":16,"column":5}},"loc":{"start":{"line":16,"column":23},"end":{"line":22,"column":5}},"line":16},"2":{"name":"(anonymous_2)","decl":{"start":{"line":24,"column":16},"end":{"line":24,"column":17}},"loc":{"start":{"line":24,"column":28},"end":{"line":30,"column":5}},"line":24},"3":{"name":"(anonymous_3)","decl":{"start":{"line":32,"column":14},"end":{"line":32,"column":15}},"loc":{"start":{"line":32,"column":24},"end":{"line":36,"column":5}},"line":32},"4":{"name":"(anonymous_4)","decl":{"start":{"line":38,"column":17},"end":{"line":38,"column":18}},"loc":{"start":{"line":38,"column":27},"end":{"line":46,"column":5}},"line":38},"5":{"name":"(anonymous_5)","decl":{"start":{"line":40,"column":32},"end":{"line":40,"column":33}},"loc":{"start":{"line":40,"column":46},"end":{"line":45,"column":9}},"line":40},"6":{"name":"(anonymous_6)","decl":{"start":{"line":48,"column":17},"end":{"line":48,"column":18}},"loc":{"start":{"line":48,"column":33},"end":{"line":53,"column":1}},"line":48},"7":{"name":"(anonymous_7)","decl":{"start":{"line":55,"column":22},"end":{"line":55,"column":23}},"loc":{"start":{"line":55,"column":34},"end":{"line":68,"column":5}},"line":55},"8":{"name":"(anonymous_8)","decl":{"start":{"line":70,"column":4},"end":{"line":70,"column":5}},"loc":{"start":{"line":70,"column":12},"end":{"line":140,"column":5}},"line":70},"9":{"name":"(anonymous_9)","decl":{"start":{"line":81,"column":33},"end":{"line":81,"column":34}},"loc":{"start":{"line":82,"column":20},"end":{"line":92,"column":25}},"line":82},"10":{"name":"(anonymous_10)","decl":{"start":{"line":90,"column":75},"end":{"line":90,"column":76}},"loc":{"start":{"line":90,"column":81},"end":{"line":90,"column":99}},"line":90},"11":{"name":"(anonymous_11)","decl":{"start":{"line":106,"column":27},"end":{"line":106,"column":28}},"loc":{"start":{"line":107,"column":16},"end":{"line":121,"column":21}},"line":107},"12":{"name":"(anonymous_12)","decl":{"start":{"line":110,"column":72},"end":{"line":110,"column":73}},"loc":{"start":{"line":110,"column":78},"end":{"line":110,"column":96}},"line":110},"13":{"name":"(anonymous_13)","decl":{"start":{"line":119,"column":72},"end":{"line":119,"column":73}},"loc":{"start":{"line":119,"column":78},"end":{"line":119,"column":93}},"line":119},"14":{"name":"(anonymous_14)","decl":{"start":{"line":137,"column":63},"end":{"line":137,"column":64}},"loc":{"start":{"line":137,"column":69},"end":{"line":137,"column":91}},"line":137}},"branchMap":{"0":{"loc":{"start":{"line":41,"column":12},"end":{"line":43,"column":13}},"type":"if","locations":[{"start":{"line":41,"column":12},"end":{"line":43,"column":13}},{"start":{"line":41,"column":12},"end":{"line":43,"column":13}}],"line":41}},"s":{"0":0,"1":0,"2":0,"3":0,"4":0,"5":0,"6":0,"7":0,"8":0,"9":0,"10":0,"11":0,"12":0,"13":0,"14":0,"15":0,"16":0,"17":0,"18":0,"19":0,"20":0,"21":0,"22":0,"23":0,"24":0,"25":0,"26":0,"27":0,"28":0,"29":0,"30":0,"31":0,"32":0,"33":0},"f":{"0":0,"1":0,"2":0,"3":0,"4":0,"5":0,"6":0,"7":0,"8":0,"9":0,"10":0,"11":0,"12":0,"13":0,"14":0},"b":{"0":[0,0]},"_coverageSchema":"332fd63041d2c1bcb487cc26dd0d5f7d97098a6c","hash":"5b2582735d24c689f27e8f2affb3bcb2de0d561d"}
,"D:\\Programming\\react-mock-exam\\src\\client\\notfound.jsx": {"path":"D:\\Programming\\react-mock-exam\\src\\client\\notfound.jsx","statementMap":{"0":{"start":{"line":1,"column":0},"end":{"line":null,"column":-1}},"1":{"start":{"line":3,"column":13},"end":{"line":3,"column":7}},"2":{"start":{"line":5,"column":4},"end":{"line":null,"column":-1}}},"fnMap":{"0":{"name":"(anonymous_1)","decl":{"start":{"line":3,"column":24},"end":{"line":3,"column":28}},"loc":{"start":{"line":3,"column":29},"end":{"line":3,"column":7}}}},"branchMap":{},"s":{"0":0,"1":0,"2":0},"f":{"0":0},"b":{}}
,"D:\\Programming\\react-mock-exam\\src\\client\\showmenus.jsx": {"path":"D:\\Programming\\react-mock-exam\\src\\client\\showmenus.jsx","statementMap":{"0":{"start":{"line":7,"column":8},"end":{"line":7,"column":20}},"1":{"start":{"line":8,"column":8},"end":{"line":11,"column":9}},"2":{"start":{"line":15,"column":8},"end":{"line":15,"column":23}},"3":{"start":{"line":19,"column":25},"end":{"line":19,"column":46}},"4":{"start":{"line":20,"column":21},"end":{"line":20,"column":42}},"5":{"start":{"line":21,"column":8},"end":{"line":23,"column":10}},"6":{"start":{"line":27,"column":24},"end":{"line":27,"column":34}},"7":{"start":{"line":29,"column":8},"end":{"line":56,"column":16}},"8":{"start":{"line":37,"column":20},"end":{"line":53,"column":25}},"9":{"start":{"line":43,"column":40},"end":{"line":47,"column":45}},"10":{"start":{"line":59,"column":8},"end":{"line":66,"column":9}}},"fnMap":{"0":{"name":"(anonymous_0)","decl":{"start":{"line":6,"column":4},"end":{"line":6,"column":5}},"loc":{"start":{"line":6,"column":22},"end":{"line":12,"column":5}},"line":6},"1":{"name":"(anonymous_1)","decl":{"start":{"line":14,"column":4},"end":{"line":14,"column":5}},"loc":{"start":{"line":14,"column":29},"end":{"line":16,"column":5}},"line":14},"2":{"name":"(anonymous_2)","decl":{"start":{"line":18,"column":15},"end":{"line":18,"column":16}},"loc":{"start":{"line":18,"column":27},"end":{"line":24,"column":5}},"line":18},"3":{"name":"(anonymous_3)","decl":{"start":{"line":26,"column":4},"end":{"line":26,"column":5}},"loc":{"start":{"line":26,"column":12},"end":{"line":67,"column":5}},"line":26},"4":{"name":"(anonymous_4)","decl":{"start":{"line":36,"column":27},"end":{"line":36,"column":28}},"loc":{"start":{"line":37,"column":20},"end":{"line":53,"column":25}},"line":37},"5":{"name":"(anonymous_5)","decl":{"start":{"line":42,"column":60},"end":{"line":42,"column":61}},"loc":{"start":{"line":43,"column":40},"end":{"line":47,"column":45}},"line":43}},"branchMap":{"0":{"loc":{"start":{"line":52,"column":25},"end":{"line":52,"column":169}},"type":"cond-expr","locations":[{"start":{"line":52,"column":54},"end":{"line":52,"column":161}},{"start":{"line":52,"column":165},"end":{"line":52,"column":169}}],"line":52}},"s":{"0":2,"1":2,"2":2,"3":2,"4":0,"5":0,"6":2,"7":2,"8":0,"9":0,"10":2},"f":{"0":2,"1":2,"2":2,"3":2,"4":0,"5":0},"b":{"0":[0,0]},"_coverageSchema":"332fd63041d2c1bcb487cc26dd0d5f7d97098a6c","hash":"877819e751c461a315d1ab820925aa7af5338bd7"}
,"D:\\Programming\\react-mock-exam\\src\\client\\topbar.jsx": {"path":"D:\\Programming\\react-mock-exam\\src\\client\\topbar.jsx","statementMap":{"0":{"start":{"line":6,"column":8},"end":{"line":6,"column":20}},"1":{"start":{"line":7,"column":8},"end":{"line":11,"column":9}},"2":{"start":{"line":15,"column":8},"end":{"line":18,"column":10}},"3":{"start":{"line":22,"column":8},"end":{"line":22,"column":54}},"4":{"start":{"line":26,"column":8},"end":{"line":26,"column":56}},"5":{"start":{"line":30,"column":35},"end":{"line":30,"column":45}},"6":{"start":{"line":31,"column":24},"end":{"line":31,"column":60}},"7":{"start":{"line":32,"column":25},"end":{"line":39,"column":10}},"8":{"start":{"line":41,"column":8},"end":{"line":44,"column":9}},"9":{"start":{"line":42,"column":12},"end":{"line":42,"column":50}},"10":{"start":{"line":43,"column":12},"end":{"line":43,"column":72}},"11":{"start":{"line":46,"column":8},"end":{"line":48,"column":9}},"12":{"start":{"line":47,"column":12},"end":{"line":47,"column":74}},"13":{"start":{"line":52,"column":25},"end":{"line":52,"column":67}},"14":{"start":{"line":53,"column":8},"end":{"line":53,"column":33}},"15":{"start":{"line":57,"column":8},"end":{"line":85,"column":9}},"16":{"start":{"line":58,"column":12},"end":{"line":73,"column":12}},"17":{"start":{"line":75,"column":12},"end":{"line":84,"column":12}}},"fnMap":{"0":{"name":"(anonymous_0)","decl":{"start":{"line":5,"column":4},"end":{"line":5,"column":5}},"loc":{"start":{"line":5,"column":22},"end":{"line":12,"column":5}},"line":5},"1":{"name":"(anonymous_1)","decl":{"start":{"line":14,"column":4},"end":{"line":14,"column":5}},"loc":{"start":{"line":14,"column":29},"end":{"line":19,"column":5}},"line":14},"2":{"name":"(anonymous_2)","decl":{"start":{"line":21,"column":21},"end":{"line":21,"column":22}},"loc":{"start":{"line":21,"column":32},"end":{"line":23,"column":7}},"line":21},"3":{"name":"(anonymous_3)","decl":{"start":{"line":25,"column":23},"end":{"line":25,"column":24}},"loc":{"start":{"line":25,"column":34},"end":{"line":27,"column":5}},"line":25},"4":{"name":"(anonymous_4)","decl":{"start":{"line":29,"column":16},"end":{"line":29,"column":17}},"loc":{"start":{"line":29,"column":28},"end":{"line":49,"column":5}},"line":29},"5":{"name":"(anonymous_5)","decl":{"start":{"line":51,"column":17},"end":{"line":51,"column":18}},"loc":{"start":{"line":51,"column":29},"end":{"line":54,"column":5}},"line":51},"6":{"name":"(anonymous_6)","decl":{"start":{"line":56,"column":4},"end":{"line":56,"column":5}},"loc":{"start":{"line":56,"column":12},"end":{"line":87,"column":4}},"line":56}},"branchMap":{"0":{"loc":{"start":{"line":41,"column":8},"end":{"line":44,"column":9}},"type":"if","locations":[{"start":{"line":41,"column":8},"end":{"line":44,"column":9}},{"start":{"line":41,"column":8},"end":{"line":44,"column":9}}],"line":41},"1":{"loc":{"start":{"line":46,"column":8},"end":{"line":48,"column":9}},"type":"if","locations":[{"start":{"line":46,"column":8},"end":{"line":48,"column":9}},{"start":{"line":46,"column":8},"end":{"line":48,"column":9}}],"line":46},"2":{"loc":{"start":{"line":57,"column":8},"end":{"line":85,"column":9}},"type":"if","locations":[{"start":{"line":57,"column":8},"end":{"line":85,"column":9}},{"start":{"line":57,"column":8},"end":{"line":85,"column":9}}],"line":57}},"s":{"0":3,"1":3,"2":3,"3":0,"4":0,"5":0,"6":0,"7":0,"8":0,"9":0,"10":0,"11":0,"12":0,"13":0,"14":0,"15":6,"16":6,"17":0},"f":{"0":3,"1":3,"2":0,"3":0,"4":0,"5":0,"6":6},"b":{"0":[0,0],"1":[0,0],"2":[6,0]},"_coverageSchema":"332fd63041d2c1bcb487cc26dd0d5f7d97098a6c","hash":"44337aa315679f7a4b9f44536f2522fa63969387"}
,"D:\\Programming\\react-mock-exam\\src\\server\\app.js": {"path":"D:\\Programming\\react-mock-exam\\src\\server\\app.js","statementMap":{"0":{"start":{"line":1,"column":16},"end":{"line":1,"column":34}},"1":{"start":{"line":2,"column":13},"end":{"line":2,"column":28}},"2":{"start":{"line":3,"column":19},"end":{"line":3,"column":41}},"3":{"start":{"line":4,"column":12},"end":{"line":4,"column":21}},"4":{"start":{"line":5,"column":12},"end":{"line":5,"column":38}},"5":{"start":{"line":6,"column":18},"end":{"line":6,"column":31}},"6":{"start":{"line":7,"column":17},"end":{"line":7,"column":38}},"7":{"start":{"line":8,"column":17},"end":{"line":8,"column":38}},"8":{"start":{"line":9,"column":17},"end":{"line":9,"column":38}},"9":{"start":{"line":10,"column":17},"end":{"line":10,"column":36}},"10":{"start":{"line":11,"column":22},"end":{"line":11,"column":56}},"11":{"start":{"line":12,"column":13},"end":{"line":12,"column":28}},"12":{"start":{"line":13,"column":16},"end":{"line":13,"column":42}},"13":{"start":{"line":15,"column":21},"end":{"line":15,"column":22}},"14":{"start":{"line":16,"column":21},"end":{"line":16,"column":23}},"15":{"start":{"line":18,"column":0},"end":{"line":18,"column":16}},"16":{"start":{"line":19,"column":0},"end":{"line":19,"column":27}},"17":{"start":{"line":20,"column":0},"end":{"line":20,"column":49}},"18":{"start":{"line":21,"column":0},"end":{"line":25,"column":4}},"19":{"start":{"line":26,"column":0},"end":{"line":26,"column":31}},"20":{"start":{"line":27,"column":0},"end":{"line":27,"column":28}},"21":{"start":{"line":31,"column":0},"end":{"line":34,"column":2}},"22":{"start":{"line":32,"column":19},"end":{"line":32,"column":39}},"23":{"start":{"line":33,"column":4},"end":{"line":33,"column":20}},"24":{"start":{"line":36,"column":0},"end":{"line":40,"column":2}},"25":{"start":{"line":37,"column":15},"end":{"line":37,"column":31}},"26":{"start":{"line":38,"column":17},"end":{"line":38,"column":37}},"27":{"start":{"line":39,"column":4},"end":{"line":39,"column":18}},"28":{"start":{"line":42,"column":0},"end":{"line":46,"column":2}},"29":{"start":{"line":43,"column":15},"end":{"line":43,"column":31}},"30":{"start":{"line":44,"column":4},"end":{"line":44,"column":38}},"31":{"start":{"line":45,"column":4},"end":{"line":45,"column":37}},"32":{"start":{"line":48,"column":0},"end":{"line":51,"column":2}},"33":{"start":{"line":49,"column":17},"end":{"line":49,"column":25}},"34":{"start":{"line":50,"column":4},"end":{"line":50,"column":63}},"35":{"start":{"line":53,"column":0},"end":{"line":62,"column":2}},"36":{"start":{"line":54,"column":15},"end":{"line":54,"column":31}},"37":{"start":{"line":55,"column":17},"end":{"line":55,"column":25}},"38":{"start":{"line":56,"column":17},"end":{"line":60,"column":5}},"39":{"start":{"line":61,"column":4},"end":{"line":61,"column":43}},"40":{"start":{"line":65,"column":0},"end":{"line":68,"column":2}},"41":{"start":{"line":66,"column":18},"end":{"line":66,"column":37}},"42":{"start":{"line":67,"column":4},"end":{"line":67,"column":19}},"43":{"start":{"line":70,"column":0},"end":{"line":74,"column":2}},"44":{"start":{"line":71,"column":15},"end":{"line":71,"column":31}},"45":{"start":{"line":72,"column":17},"end":{"line":72,"column":37}},"46":{"start":{"line":73,"column":4},"end":{"line":73,"column":18}},"47":{"start":{"line":76,"column":0},"end":{"line":79,"column":2}},"48":{"start":{"line":77,"column":15},"end":{"line":77,"column":31}},"49":{"start":{"line":78,"column":4},"end":{"line":78,"column":37}},"50":{"start":{"line":81,"column":0},"end":{"line":84,"column":2}},"51":{"start":{"line":82,"column":17},"end":{"line":82,"column":25}},"52":{"start":{"line":83,"column":4},"end":{"line":83,"column":51}},"53":{"start":{"line":86,"column":0},"end":{"line":95,"column":2}},"54":{"start":{"line":87,"column":15},"end":{"line":87,"column":31}},"55":{"start":{"line":88,"column":17},"end":{"line":88,"column":25}},"56":{"start":{"line":89,"column":17},"end":{"line":93,"column":5}},"57":{"start":{"line":94,"column":4},"end":{"line":94,"column":43}},"58":{"start":{"line":99,"column":0},"end":{"line":112,"column":3}},"59":{"start":{"line":100,"column":4},"end":{"line":100,"column":42}},"60":{"start":{"line":101,"column":4},"end":{"line":111,"column":6}},"61":{"start":{"line":102,"column":20},"end":{"line":102,"column":42}},"62":{"start":{"line":103,"column":19},"end":{"line":103,"column":35}},"63":{"start":{"line":104,"column":20},"end":{"line":104,"column":64}},"64":{"start":{"line":105,"column":8},"end":{"line":105,"column":31}},"65":{"start":{"line":106,"column":8},"end":{"line":110,"column":11}},"66":{"start":{"line":107,"column":12},"end":{"line":109,"column":13}},"67":{"start":{"line":108,"column":16},"end":{"line":108,"column":51}},"68":{"start":{"line":114,"column":0},"end":{"line":130,"column":3}},"69":{"start":{"line":121,"column":19},"end":{"line":121,"column":56}},"70":{"start":{"line":123,"column":8},"end":{"line":125,"column":9}},"71":{"start":{"line":124,"column":12},"end":{"line":124,"column":77}},"72":{"start":{"line":127,"column":21},"end":{"line":127,"column":45}},"73":{"start":{"line":128,"column":8},"end":{"line":128,"column":32}},"74":{"start":{"line":132,"column":0},"end":{"line":134,"column":3}},"75":{"start":{"line":133,"column":4},"end":{"line":133,"column":24}},"76":{"start":{"line":136,"column":0},"end":{"line":145,"column":3}},"77":{"start":{"line":138,"column":17},"end":{"line":138,"column":37}},"78":{"start":{"line":140,"column":4},"end":{"line":144,"column":5}},"79":{"start":{"line":141,"column":8},"end":{"line":141,"column":25}},"80":{"start":{"line":143,"column":8},"end":{"line":143,"column":26}},"81":{"start":{"line":147,"column":0},"end":{"line":156,"column":3}},"82":{"start":{"line":148,"column":4},"end":{"line":153,"column":5}},"83":{"start":{"line":149,"column":8},"end":{"line":151,"column":11}},"84":{"start":{"line":152,"column":8},"end":{"line":152,"column":15}},"85":{"start":{"line":155,"column":4},"end":{"line":155,"column":27}},"86":{"start":{"line":158,"column":0},"end":{"line":160,"column":3}},"87":{"start":{"line":159,"column":4},"end":{"line":159,"column":27}},"88":{"start":{"line":162,"column":0},"end":{"line":165,"column":3}},"89":{"start":{"line":163,"column":4},"end":{"line":163,"column":17}},"90":{"start":{"line":164,"column":4},"end":{"line":164,"column":27}},"91":{"start":{"line":167,"column":0},"end":{"line":167,"column":33}},"92":{"start":{"line":168,"column":0},"end":{"line":170,"column":3}},"93":{"start":{"line":169,"column":4},"end":{"line":169,"column":78}},"94":{"start":{"line":173,"column":0},"end":{"line":173,"column":21}}},"fnMap":{"0":{"name":"(anonymous_0)","decl":{"start":{"line":31,"column":19},"end":{"line":31,"column":20}},"loc":{"start":{"line":31,"column":33},"end":{"line":34,"column":1}},"line":31},"1":{"name":"(anonymous_1)","decl":{"start":{"line":36,"column":21},"end":{"line":36,"column":22}},"loc":{"start":{"line":36,"column":35},"end":{"line":40,"column":1}},"line":36},"2":{"name":"(anonymous_2)","decl":{"start":{"line":42,"column":24},"end":{"line":42,"column":25}},"loc":{"start":{"line":42,"column":38},"end":{"line":46,"column":1}},"line":42},"3":{"name":"(anonymous_3)","decl":{"start":{"line":48,"column":18},"end":{"line":48,"column":19}},"loc":{"start":{"line":48,"column":32},"end":{"line":51,"column":1}},"line":48},"4":{"name":"(anonymous_4)","decl":{"start":{"line":53,"column":21},"end":{"line":53,"column":22}},"loc":{"start":{"line":53,"column":35},"end":{"line":62,"column":1}},"line":53},"5":{"name":"(anonymous_5)","decl":{"start":{"line":65,"column":18},"end":{"line":65,"column":19}},"loc":{"start":{"line":65,"column":32},"end":{"line":68,"column":1}},"line":65},"6":{"name":"(anonymous_6)","decl":{"start":{"line":70,"column":21},"end":{"line":70,"column":22}},"loc":{"start":{"line":70,"column":35},"end":{"line":74,"column":1}},"line":70},"7":{"name":"(anonymous_7)","decl":{"start":{"line":76,"column":24},"end":{"line":76,"column":25}},"loc":{"start":{"line":76,"column":38},"end":{"line":79,"column":1}},"line":76},"8":{"name":"(anonymous_8)","decl":{"start":{"line":81,"column":18},"end":{"line":81,"column":19}},"loc":{"start":{"line":81,"column":32},"end":{"line":84,"column":1}},"line":81},"9":{"name":"(anonymous_9)","decl":{"start":{"line":86,"column":21},"end":{"line":86,"column":22}},"loc":{"start":{"line":86,"column":35},"end":{"line":95,"column":1}},"line":86},"10":{"name":"(anonymous_10)","decl":{"start":{"line":99,"column":12},"end":{"line":99,"column":13}},"loc":{"start":{"line":99,"column":30},"end":{"line":112,"column":1}},"line":99},"11":{"name":"(anonymous_11)","decl":{"start":{"line":101,"column":21},"end":{"line":101,"column":22}},"loc":{"start":{"line":101,"column":35},"end":{"line":111,"column":5}},"line":101},"12":{"name":"(anonymous_12)","decl":{"start":{"line":106,"column":37},"end":{"line":106,"column":38}},"loc":{"start":{"line":106,"column":49},"end":{"line":110,"column":9}},"line":106},"13":{"name":"(anonymous_13)","decl":{"start":{"line":119,"column":4},"end":{"line":119,"column":5}},"loc":{"start":{"line":119,"column":38},"end":{"line":129,"column":5}},"line":119},"14":{"name":"(anonymous_14)","decl":{"start":{"line":132,"column":23},"end":{"line":132,"column":24}},"loc":{"start":{"line":132,"column":45},"end":{"line":134,"column":1}},"line":132},"15":{"name":"(anonymous_15)","decl":{"start":{"line":136,"column":25},"end":{"line":136,"column":26}},"loc":{"start":{"line":136,"column":45},"end":{"line":145,"column":1}},"line":136},"16":{"name":"(anonymous_16)","decl":{"start":{"line":147,"column":17},"end":{"line":147,"column":18}},"loc":{"start":{"line":147,"column":31},"end":{"line":156,"column":1}},"line":147},"17":{"name":"(anonymous_17)","decl":{"start":{"line":158,"column":51},"end":{"line":158,"column":52}},"loc":{"start":{"line":158,"column":65},"end":{"line":160,"column":1}},"line":158},"18":{"name":"(anonymous_18)","decl":{"start":{"line":162,"column":20},"end":{"line":162,"column":21}},"loc":{"start":{"line":162,"column":38},"end":{"line":165,"column":1}},"line":162},"19":{"name":"(anonymous_19)","decl":{"start":{"line":168,"column":8},"end":{"line":168,"column":9}},"loc":{"start":{"line":168,"column":28},"end":{"line":170,"column":1}},"line":168}},"branchMap":{"0":{"loc":{"start":{"line":107,"column":12},"end":{"line":109,"column":13}},"type":"if","locations":[{"start":{"line":107,"column":12},"end":{"line":109,"column":13}},{"start":{"line":107,"column":12},"end":{"line":109,"column":13}}],"line":107},"1":{"loc":{"start":{"line":123,"column":8},"end":{"line":125,"column":9}},"type":"if","locations":[{"start":{"line":123,"column":8},"end":{"line":125,"column":9}},{"start":{"line":123,"column":8},"end":{"line":125,"column":9}}],"line":123},"2":{"loc":{"start":{"line":140,"column":4},"end":{"line":144,"column":5}},"type":"if","locations":[{"start":{"line":140,"column":4},"end":{"line":144,"column":5}},{"start":{"line":140,"column":4},"end":{"line":144,"column":5}}],"line":140},"3":{"loc":{"start":{"line":148,"column":4},"end":{"line":153,"column":5}},"type":"if","locations":[{"start":{"line":148,"column":4},"end":{"line":153,"column":5}},{"start":{"line":148,"column":4},"end":{"line":153,"column":5}}],"line":148}},"s":{"0":1,"1":1,"2":1,"3":1,"4":1,"5":1,"6":1,"7":1,"8":1,"9":1,"10":1,"11":1,"12":1,"13":1,"14":1,"15":1,"16":1,"17":1,"18":1,"19":1,"20":1,"21":1,"22":0,"23":0,"24":1,"25":0,"26":0,"27":0,"28":1,"29":0,"30":0,"31":0,"32":1,"33":0,"34":0,"35":1,"36":0,"37":0,"38":0,"39":0,"40":1,"41":0,"42":0,"43":1,"44":0,"45":0,"46":0,"47":1,"48":0,"49":0,"50":1,"51":0,"52":0,"53":1,"54":0,"55":0,"56":0,"57":0,"58":1,"59":0,"60":0,"61":0,"62":0,"63":0,"64":0,"65":0,"66":0,"67":0,"68":1,"69":0,"70":0,"71":0,"72":0,"73":0,"74":1,"75":0,"76":1,"77":0,"78":0,"79":0,"80":0,"81":1,"82":0,"83":0,"84":0,"85":0,"86":1,"87":0,"88":1,"89":0,"90":0,"91":1,"92":1,"93":0,"94":1},"f":{"0":0,"1":0,"2":0,"3":0,"4":0,"5":0,"6":0,"7":0,"8":0,"9":0,"10":0,"11":0,"12":0,"13":0,"14":0,"15":0,"16":0,"17":0,"18":0,"19":0},"b":{"0":[0,0],"1":[0,0],"2":[0,0],"3":[0,0]},"_coverageSchema":"332fd63041d2c1bcb487cc26dd0d5f7d97098a6c","hash":"c1b89028f1d82f40730b99932db46c305ff67b4a"}
,"D:\\Programming\\react-mock-exam\\src\\server\\dishrepo.js": {"path":"D:\\Programming\\react-mock-exam\\src\\server\\dishrepo.js","statementMap":{"0":{"start":{"line":1,"column":15},"end":{"line":1,"column":24}},"1":{"start":{"line":2,"column":14},"end":{"line":2,"column":23}},"2":{"start":{"line":4,"column":16},"end":{"line":4,"column":17}},"3":{"start":{"line":5,"column":16},"end":{"line":5,"column":17}},"4":{"start":{"line":7,"column":0},"end":{"line":7,"column":16}},"5":{"start":{"line":10,"column":4},"end":{"line":10,"column":43}},"6":{"start":{"line":11,"column":4},"end":{"line":11,"column":41}},"7":{"start":{"line":12,"column":4},"end":{"line":12,"column":35}},"8":{"start":{"line":13,"column":4},"end":{"line":13,"column":37}},"9":{"start":{"line":14,"column":4},"end":{"line":14,"column":32}},"10":{"start":{"line":15,"column":4},"end":{"line":15,"column":35}},"11":{"start":{"line":19,"column":15},"end":{"line":19,"column":24}},"12":{"start":{"line":20,"column":17},"end":{"line":24,"column":5}},"13":{"start":{"line":25,"column":4},"end":{"line":25,"column":24}},"14":{"start":{"line":26,"column":4},"end":{"line":26,"column":15}},"15":{"start":{"line":28,"column":4},"end":{"line":28,"column":13}},"16":{"start":{"line":32,"column":4},"end":{"line":32,"column":38}},"17":{"start":{"line":36,"column":4},"end":{"line":36,"column":21}},"18":{"start":{"line":37,"column":4},"end":{"line":37,"column":24}},"19":{"start":{"line":38,"column":4},"end":{"line":38,"column":15}},"20":{"start":{"line":42,"column":4},"end":{"line":42,"column":35}},"21":{"start":{"line":46,"column":4},"end":{"line":46,"column":39}},"22":{"start":{"line":49,"column":0},"end":{"line":56,"column":1}}},"fnMap":{"0":{"name":"populateDishes","decl":{"start":{"line":9,"column":9},"end":{"line":9,"column":23}},"loc":{"start":{"line":9,"column":25},"end":{"line":16,"column":1}},"line":9},"1":{"name":"addDish","decl":{"start":{"line":18,"column":9},"end":{"line":18,"column":16}},"loc":{"start":{"line":18,"column":28},"end":{"line":29,"column":1}},"line":18},"2":{"name":"deleteDish","decl":{"start":{"line":31,"column":9},"end":{"line":31,"column":19}},"loc":{"start":{"line":31,"column":23},"end":{"line":33,"column":1}},"line":31},"3":{"name":"updateDish","decl":{"start":{"line":35,"column":9},"end":{"line":35,"column":19}},"loc":{"start":{"line":35,"column":29},"end":{"line":39,"column":1}},"line":35},"4":{"name":"getDish","decl":{"start":{"line":41,"column":9},"end":{"line":41,"column":16}},"loc":{"start":{"line":41,"column":20},"end":{"line":43,"column":1}},"line":41},"5":{"name":"getDishes","decl":{"start":{"line":45,"column":9},"end":{"line":45,"column":18}},"loc":{"start":{"line":45,"column":20},"end":{"line":47,"column":1}},"line":45}},"branchMap":{},"s":{"0":1,"1":1,"2":1,"3":1,"4":1,"5":1,"6":1,"7":1,"8":1,"9":1,"10":1,"11":6,"12":6,"13":6,"14":6,"15":6,"16":0,"17":0,"18":0,"19":0,"20":0,"21":0,"22":1},"f":{"0":1,"1":6,"2":0,"3":0,"4":0,"5":0},"b":{},"_coverageSchema":"332fd63041d2c1bcb487cc26dd0d5f7d97098a6c","hash":"4162050124ffd0100d0cd286b37c42f40e72e24b"}
,"D:\\Programming\\react-mock-exam\\src\\server\\menurepo.js": {"path":"D:\\Programming\\react-mock-exam\\src\\server\\menurepo.js","statementMap":{"0":{"start":{"line":1,"column":14},"end":{"line":1,"column":23}},"1":{"start":{"line":3,"column":16},"end":{"line":3,"column":17}},"2":{"start":{"line":5,"column":0},"end":{"line":5,"column":15}},"3":{"start":{"line":8,"column":4},"end":{"line":8,"column":38}},"4":{"start":{"line":9,"column":4},"end":{"line":9,"column":39}},"5":{"start":{"line":10,"column":4},"end":{"line":10,"column":41}},"6":{"start":{"line":11,"column":4},"end":{"line":11,"column":40}},"7":{"start":{"line":12,"column":4},"end":{"line":12,"column":38}},"8":{"start":{"line":13,"column":4},"end":{"line":13,"column":40}},"9":{"start":{"line":14,"column":4},"end":{"line":14,"column":38}},"10":{"start":{"line":18,"column":15},"end":{"line":18,"column":24}},"11":{"start":{"line":19,"column":17},"end":{"line":22,"column":5}},"12":{"start":{"line":23,"column":4},"end":{"line":23,"column":23}},"13":{"start":{"line":24,"column":4},"end":{"line":24,"column":15}},"14":{"start":{"line":26,"column":4},"end":{"line":26,"column":13}},"15":{"start":{"line":30,"column":4},"end":{"line":30,"column":37}},"16":{"start":{"line":34,"column":4},"end":{"line":34,"column":21}},"17":{"start":{"line":35,"column":4},"end":{"line":35,"column":23}},"18":{"start":{"line":36,"column":4},"end":{"line":36,"column":15}},"19":{"start":{"line":40,"column":4},"end":{"line":40,"column":34}},"20":{"start":{"line":44,"column":4},"end":{"line":44,"column":38}},"21":{"start":{"line":47,"column":0},"end":{"line":54,"column":1}}},"fnMap":{"0":{"name":"populateMenus","decl":{"start":{"line":7,"column":9},"end":{"line":7,"column":22}},"loc":{"start":{"line":7,"column":24},"end":{"line":15,"column":1}},"line":7},"1":{"name":"addMenu","decl":{"start":{"line":17,"column":9},"end":{"line":17,"column":16}},"loc":{"start":{"line":17,"column":24},"end":{"line":27,"column":1}},"line":17},"2":{"name":"deleteMenu","decl":{"start":{"line":29,"column":9},"end":{"line":29,"column":19}},"loc":{"start":{"line":29,"column":23},"end":{"line":31,"column":1}},"line":29},"3":{"name":"updateMenu","decl":{"start":{"line":33,"column":9},"end":{"line":33,"column":19}},"loc":{"start":{"line":33,"column":29},"end":{"line":37,"column":1}},"line":33},"4":{"name":"getMenu","decl":{"start":{"line":39,"column":9},"end":{"line":39,"column":16}},"loc":{"start":{"line":39,"column":20},"end":{"line":41,"column":1}},"line":39},"5":{"name":"getMenus","decl":{"start":{"line":43,"column":9},"end":{"line":43,"column":17}},"loc":{"start":{"line":43,"column":19},"end":{"line":45,"column":1}},"line":43}},"branchMap":{},"s":{"0":2,"1":2,"2":2,"3":3,"4":3,"5":3,"6":3,"7":3,"8":3,"9":3,"10":21,"11":21,"12":21,"13":21,"14":21,"15":0,"16":0,"17":0,"18":0,"19":0,"20":1,"21":2},"f":{"0":3,"1":21,"2":0,"3":0,"4":0,"5":1},"b":{},"_coverageSchema":"332fd63041d2c1bcb487cc26dd0d5f7d97098a6c","hash":"c69fe77ca40576f14024f87e7db768cfd275dd2d"}
,"D:\\Programming\\react-mock-exam\\src\\server\\server.js": {"path":"D:\\Programming\\react-mock-exam\\src\\server\\server.js","statementMap":{"0":{"start":{"line":1,"column":12},"end":{"line":1,"column":0}},"1":{"start":{"line":3,"column":13},"end":{"line":3,"column":0}},"2":{"start":{"line":6,"column":15},"end":{"line":6,"column":0}},"3":{"start":{"line":6,"column":38},"end":{"line":6,"column":15}}},"fnMap":{"0":{"name":"(anonymous_0)","decl":{"start":{"line":6,"column":32},"end":{"line":6,"column":37}},"loc":{"start":{"line":6,"column":38},"end":{"line":6,"column":15}}}},"branchMap":{},"s":{"0":0,"1":0,"2":0,"3":0},"f":{"0":0},"b":{}}
,"D:\\Programming\\react-mock-exam\\src\\server\\userrepo.js": {"path":"D:\\Programming\\react-mock-exam\\src\\server\\userrepo.js","statementMap":{"0":{"start":{"line":1,"column":14},"end":{"line":1,"column":23}},"1":{"start":{"line":3,"column":0},"end":{"line":3,"column":16}},"2":{"start":{"line":6,"column":4},"end":{"line":6,"column":39}},"3":{"start":{"line":7,"column":4},"end":{"line":7,"column":35}},"4":{"start":{"line":11,"column":4},"end":{"line":11,"column":18}},"5":{"start":{"line":16,"column":4},"end":{"line":16,"column":25}},"6":{"start":{"line":21,"column":17},"end":{"line":21,"column":28}},"7":{"start":{"line":23,"column":4},"end":{"line":25,"column":5}},"8":{"start":{"line":24,"column":8},"end":{"line":24,"column":21}},"9":{"start":{"line":27,"column":4},"end":{"line":27,"column":38}},"10":{"start":{"line":32,"column":4},"end":{"line":34,"column":5}},"11":{"start":{"line":33,"column":8},"end":{"line":33,"column":21}},"12":{"start":{"line":36,"column":17},"end":{"line":39,"column":5}},"13":{"start":{"line":41,"column":4},"end":{"line":41,"column":24}},"14":{"start":{"line":42,"column":4},"end":{"line":42,"column":16}},"15":{"start":{"line":45,"column":0},"end":{"line":50,"column":1}}},"fnMap":{"0":{"name":"populateUsers","decl":{"start":{"line":5,"column":9},"end":{"line":5,"column":22}},"loc":{"start":{"line":5,"column":25},"end":{"line":8,"column":1}},"line":5},"1":{"name":"resetUsers","decl":{"start":{"line":10,"column":9},"end":{"line":10,"column":19}},"loc":{"start":{"line":10,"column":22},"end":{"line":12,"column":1}},"line":10},"2":{"name":"getUser","decl":{"start":{"line":14,"column":9},"end":{"line":14,"column":16}},"loc":{"start":{"line":14,"column":20},"end":{"line":17,"column":1}},"line":14},"3":{"name":"verifyUser","decl":{"start":{"line":19,"column":9},"end":{"line":19,"column":19}},"loc":{"start":{"line":19,"column":33},"end":{"line":28,"column":1}},"line":19},"4":{"name":"createUser","decl":{"start":{"line":30,"column":9},"end":{"line":30,"column":19}},"loc":{"start":{"line":30,"column":33},"end":{"line":43,"column":1}},"line":30}},"branchMap":{"0":{"loc":{"start":{"line":23,"column":4},"end":{"line":25,"column":5}},"type":"if","locations":[{"start":{"line":23,"column":4},"end":{"line":25,"column":5}},{"start":{"line":23,"column":4},"end":{"line":25,"column":5}}],"line":23},"1":{"loc":{"start":{"line":32,"column":4},"end":{"line":34,"column":5}},"type":"if","locations":[{"start":{"line":32,"column":4},"end":{"line":34,"column":5}},{"start":{"line":32,"column":4},"end":{"line":34,"column":5}}],"line":32}},"s":{"0":1,"1":1,"2":1,"3":1,"4":0,"5":2,"6":0,"7":0,"8":0,"9":0,"10":2,"11":0,"12":2,"13":2,"14":2,"15":1},"f":{"0":1,"1":0,"2":2,"3":0,"4":2},"b":{"0":[0,0],"1":[0,2]},"_coverageSchema":"332fd63041d2c1bcb487cc26dd0d5f7d97098a6c","hash":"04cfd70e03f259a00103dd69fac6108fba75eb38"}
}
