TN:
SF:D:\Programming\react-mock-exam\src\client\adddish.jsx
FN:6,(anonymous_1)
FN:10,(anonymous_2)
FN:24,(anonymous_3)
FNF:3
FNH:0
FNDA:0,(anonymous_1)
FNDA:0,(anonymous_2)
FNDA:0,(anonymous_3)
DA:1,0
DA:2,0
DA:6,0
DA:7,0
DA:12,0
DA:13,0
DA:21,0
DA:25,0
LF:8
LH:0
BRF:0
BRH:0
end_of_record
TN:
SF:D:\Programming\react-mock-exam\src\client\chatroom.jsx
FN:6,(anonymous_0)
FN:15,(anonymous_1)
FN:17,(anonymous_2)
FN:20,(anonymous_3)
FN:31,(anonymous_4)
FN:35,(anonymous_5)
FN:39,(anonymous_6)
FN:45,(anonymous_7)
FN:50,(anonymous_8)
FN:78,(anonymous_9)
FN:99,(anonymous_10)
FNF:11
FNH:3
FNDA:1,(anonymous_0)
FNDA:1,(anonymous_1)
FNDA:0,(anonymous_2)
FNDA:0,(anonymous_3)
FNDA:0,(anonymous_4)
FNDA:0,(anonymous_5)
FNDA:0,(anonymous_6)
FNDA:1,(anonymous_7)
FNDA:0,(anonymous_8)
FNDA:0,(anonymous_9)
FNDA:0,(anonymous_10)
DA:7,1
DA:8,1
DA:16,1
DA:17,0
DA:18,0
DA:19,0
DA:21,0
DA:22,0
DA:24,0
DA:32,0
DA:36,0
DA:40,0
DA:41,0
DA:42,0
DA:47,1
DA:48,1
DA:49,0
DA:51,0
DA:56,1
DA:57,1
DA:78,0
DA:82,0
DA:99,0
LF:23
LH:7
BRDA:21,0,0,0
BRDA:21,0,1,0
BRDA:48,1,0,0
BRDA:48,1,1,1
BRDA:56,2,0,1
BRDA:56,2,1,0
BRF:6
BRH:2
end_of_record
TN:
SF:D:\Programming\react-mock-exam\src\client\dish.jsx
FN:6,(anonymous_1)
FN:21,(anonymous_2)
FN:30,(anonymous_3)
FN:34,(anonymous_4)
FN:14,(anonymous_5)
FN:38,(anonymous_6)
FNF:6
FNH:0
FNDA:0,(anonymous_1)
FNDA:0,(anonymous_2)
FNDA:0,(anonymous_3)
FNDA:0,(anonymous_4)
FNDA:0,(anonymous_5)
FNDA:0,(anonymous_6)
DA:1,0
DA:2,0
DA:6,0
DA:7,0
DA:8,0
DA:15,0
DA:22,0
DA:24,0
DA:31,0
DA:35,0
DA:39,0
LF:11
LH:0
BRF:0
BRH:0
end_of_record
TN:
SF:D:\Programming\react-mock-exam\src\client\editdish.jsx
FN:6,(anonymous_1)
FN:22,(anonymous_2)
FN:15,(anonymous_3)
FN:37,(anonymous_4)
FNF:4
FNH:0
FNDA:0,(anonymous_1)
FNDA:0,(anonymous_2)
FNDA:0,(anonymous_3)
FNDA:0,(anonymous_4)
DA:1,0
DA:2,0
DA:6,0
DA:7,0
DA:8,0
DA:12,0
DA:16,0
DA:17,0
DA:18,0
DA:19,0
DA:24,0
DA:25,0
DA:26,0
DA:34,0
DA:38,0
LF:15
LH:0
BRF:0
BRH:0
end_of_record
TN:
SF:D:\Programming\react-mock-exam\src\client\editmenu.jsx
FN:6,(anonymous_1)
FN:15,(anonymous_2)
FN:24,(anonymous_3)
FNF:3
FNH:0
FNDA:0,(anonymous_1)
FNDA:0,(anonymous_2)
FNDA:0,(anonymous_3)
DA:1,0
DA:2,0
DA:6,0
DA:7,0
DA:8,0
DA:12,0
DA:16,0
DA:17,0
DA:18,0
DA:25,0
DA:27,0
DA:28,0
DA:36,0
LF:13
LH:0
BRDA:27,0,0,0
BRDA:27,0,1,0
BRF:2
BRH:0
end_of_record
TN:
SF:D:\Programming\react-mock-exam\src\client\home.jsx
FN:8,(anonymous_0)
FN:15,(anonymous_1)
FN:19,(anonymous_2)
FN:30,(anonymous_3)
FN:34,(anonymous_4)
FNF:5
FNH:4
FNDA:1,(anonymous_0)
FNDA:1,(anonymous_1)
FNDA:1,(anonymous_2)
FNDA:0,(anonymous_3)
FNDA:1,(anonymous_4)
DA:9,1
DA:10,1
DA:16,1
DA:20,1
DA:24,0
DA:25,0
DA:26,0
DA:31,0
DA:35,1
LF:9
LH:5
BRDA:24,0,0,0
BRDA:24,0,1,0
BRF:2
BRH:0
end_of_record
TN:
SF:D:\Programming\react-mock-exam\src\client\index.jsx
FN:9,(anonymous_1)
FNF:1
FNH:0
FNDA:0,(anonymous_1)
DA:1,0
DA:2,0
DA:3,0
DA:4,0
DA:5,0
DA:6,0
DA:7,0
DA:9,0
DA:12,0
DA:26,0
LF:10
LH:0
BRF:0
BRH:0
end_of_record
TN:
SF:D:\Programming\react-mock-exam\src\client\menu.jsx
FN:7,(anonymous_0)
FN:16,(anonymous_1)
FN:24,(anonymous_2)
FN:32,(anonymous_3)
FN:38,(anonymous_4)
FN:40,(anonymous_5)
FN:48,(anonymous_6)
FN:55,(anonymous_7)
FN:70,(anonymous_8)
FN:81,(anonymous_9)
FN:90,(anonymous_10)
FN:106,(anonymous_11)
FN:110,(anonymous_12)
FN:119,(anonymous_13)
FN:137,(anonymous_14)
FNF:15
FNH:0
FNDA:0,(anonymous_0)
FNDA:0,(anonymous_1)
FNDA:0,(anonymous_2)
FNDA:0,(anonymous_3)
FNDA:0,(anonymous_4)
FNDA:0,(anonymous_5)
FNDA:0,(anonymous_6)
FNDA:0,(anonymous_7)
FNDA:0,(anonymous_8)
FNDA:0,(anonymous_9)
FNDA:0,(anonymous_10)
FNDA:0,(anonymous_11)
FNDA:0,(anonymous_12)
FNDA:0,(anonymous_13)
FNDA:0,(anonymous_14)
DA:8,0
DA:9,0
DA:17,0
DA:18,0
DA:25,0
DA:26,0
DA:27,0
DA:33,0
DA:34,0
DA:35,0
DA:39,0
DA:40,0
DA:41,0
DA:42,0
DA:44,0
DA:49,0
DA:50,0
DA:51,0
DA:52,0
DA:56,0
DA:57,0
DA:58,0
DA:59,0
DA:67,0
DA:71,0
DA:72,0
DA:82,0
DA:90,0
DA:97,0
DA:107,0
DA:110,0
DA:119,0
DA:127,0
DA:137,0
LF:34
LH:0
BRDA:41,0,0,0
BRDA:41,0,1,0
BRF:2
BRH:0
end_of_record
TN:
SF:D:\Programming\react-mock-exam\src\client\notfound.jsx
FN:3,(anonymous_1)
FNF:1
FNH:0
FNDA:0,(anonymous_1)
DA:1,0
DA:3,0
DA:5,0
LF:3
LH:0
BRF:0
BRH:0
end_of_record
TN:
SF:D:\Programming\react-mock-exam\src\client\showmenus.jsx
FN:6,(anonymous_0)
FN:14,(anonymous_1)
FN:18,(anonymous_2)
FN:26,(anonymous_3)
FN:36,(anonymous_4)
FN:42,(anonymous_5)
FNF:6
FNH:4
FNDA:2,(anonymous_0)
FNDA:2,(anonymous_1)
FNDA:2,(anonymous_2)
FNDA:2,(anonymous_3)
FNDA:0,(anonymous_4)
FNDA:0,(anonymous_5)
DA:7,2
DA:8,2
DA:15,2
DA:19,2
DA:20,0
DA:21,0
DA:27,2
DA:29,2
DA:37,0
DA:43,0
DA:59,2
LF:11
LH:7
BRDA:52,0,0,0
BRDA:52,0,1,0
BRF:2
BRH:0
end_of_record
TN:
SF:D:\Programming\react-mock-exam\src\client\topbar.jsx
FN:5,(anonymous_0)
FN:14,(anonymous_1)
FN:21,(anonymous_2)
FN:25,(anonymous_3)
FN:29,(anonymous_4)
FN:51,(anonymous_5)
FN:56,(anonymous_6)
FNF:7
FNH:3
FNDA:3,(anonymous_0)
FNDA:3,(anonymous_1)
FNDA:0,(anonymous_2)
FNDA:0,(anonymous_3)
FNDA:0,(anonymous_4)
FNDA:0,(anonymous_5)
FNDA:6,(anonymous_6)
DA:6,3
DA:7,3
DA:15,3
DA:22,0
DA:26,0
DA:30,0
DA:31,0
DA:32,0
DA:41,0
DA:42,0
DA:43,0
DA:46,0
DA:47,0
DA:52,0
DA:53,0
DA:57,6
DA:58,6
DA:75,0
LF:18
LH:5
BRDA:41,0,0,0
BRDA:41,0,1,0
BRDA:46,1,0,0
BRDA:46,1,1,0
BRDA:57,2,0,6
BRDA:57,2,1,0
BRF:6
BRH:1
end_of_record
TN:
SF:D:\Programming\react-mock-exam\src\server\app.js
FN:32,(anonymous_0)
FN:37,(anonymous_1)
FN:43,(anonymous_2)
FN:49,(anonymous_3)
FN:54,(anonymous_4)
FN:66,(anonymous_5)
FN:72,(anonymous_6)
FN:78,(anonymous_7)
FN:83,(anonymous_8)
FN:88,(anonymous_9)
FN:101,(anonymous_10)
FN:103,(anonymous_11)
FN:108,(anonymous_12)
FN:121,(anonymous_13)
FN:134,(anonymous_14)
FN:138,(anonymous_15)
FN:149,(anonymous_16)
FN:160,(anonymous_17)
FN:164,(anonymous_18)
FN:170,(anonymous_19)
FNF:20
FNH:9
FNDA:1,(anonymous_0)
FNDA:2,(anonymous_1)
FNDA:0,(anonymous_2)
FNDA:0,(anonymous_3)
FNDA:1,(anonymous_4)
FNDA:1,(anonymous_5)
FNDA:2,(anonymous_6)
FNDA:0,(anonymous_7)
FNDA:0,(anonymous_8)
FNDA:1,(anonymous_9)
FNDA:0,(anonymous_10)
FNDA:0,(anonymous_11)
FNDA:0,(anonymous_12)
FNDA:2,(anonymous_13)
FNDA:1,(anonymous_14)
FNDA:0,(anonymous_15)
FNDA:0,(anonymous_16)
FNDA:1,(anonymous_17)
FNDA:0,(anonymous_18)
FNDA:0,(anonymous_19)
DA:1,2
DA:2,2
DA:3,2
DA:4,2
DA:5,2
DA:6,2
DA:7,2
DA:8,2
DA:9,2
DA:10,2
DA:11,2
DA:12,2
DA:13,2
DA:16,2
DA:17,2
DA:19,2
DA:20,2
DA:21,2
DA:22,2
DA:27,2
DA:28,2
DA:32,2
DA:33,1
DA:34,1
DA:37,2
DA:38,2
DA:39,2
DA:40,2
DA:43,2
DA:44,0
DA:45,0
DA:46,0
DA:49,2
DA:50,0
DA:51,0
DA:54,2
DA:55,1
DA:56,1
DA:57,1
DA:62,1
DA:66,2
DA:67,1
DA:68,1
DA:69,1
DA:72,2
DA:73,2
DA:74,2
DA:75,2
DA:78,2
DA:79,0
DA:80,0
DA:83,2
DA:84,0
DA:85,0
DA:88,2
DA:89,1
DA:90,1
DA:91,1
DA:96,1
DA:101,2
DA:102,0
DA:103,0
DA:104,0
DA:105,0
DA:106,0
DA:107,0
DA:108,0
DA:109,0
DA:110,0
DA:116,2
DA:123,2
DA:125,2
DA:126,1
DA:129,1
DA:130,1
DA:134,2
DA:135,1
DA:138,2
DA:140,0
DA:142,0
DA:143,0
DA:145,0
DA:149,2
DA:150,0
DA:151,0
DA:154,0
DA:157,0
DA:160,2
DA:161,1
DA:164,2
DA:165,0
DA:166,0
DA:169,2
DA:170,2
DA:171,0
DA:175,2
LF:96
LH:67
BRDA:109,0,0,0
BRDA:109,0,1,0
BRDA:125,1,0,1
BRDA:125,1,1,1
BRDA:142,2,0,0
BRDA:142,2,1,0
BRDA:150,3,0,0
BRDA:150,3,1,0
BRF:8
BRH:2
end_of_record
TN:
SF:D:\Programming\react-mock-exam\src\server\dishrepo.js
FN:9,populateDishes
FN:18,addDish
FN:31,deleteDish
FN:35,updateDish
FN:41,getDish
FN:45,getDishes
FNF:6
FNH:5
FNDA:3,populateDishes
FNDA:18,addDish
FNDA:0,deleteDish
FNDA:1,updateDish
FNDA:2,getDish
FNDA:1,getDishes
DA:1,3
DA:2,3
DA:4,3
DA:5,3
DA:7,3
DA:10,3
DA:11,3
DA:12,3
DA:13,3
DA:14,3
DA:15,3
DA:19,18
DA:20,18
DA:25,18
DA:26,18
DA:28,18
DA:32,0
DA:36,1
DA:37,1
DA:38,1
DA:42,2
DA:46,1
DA:49,3
LF:23
LH:22
BRF:0
BRH:0
end_of_record
TN:
SF:D:\Programming\react-mock-exam\src\server\menurepo.js
FN:7,populateMenus
FN:17,addMenu
FN:29,deleteMenu
FN:33,updateMenu
FN:39,getMenu
FN:43,getMenus
FNF:6
FNH:5
FNDA:5,populateMenus
FNDA:35,addMenu
FNDA:0,deleteMenu
FNDA:1,updateMenu
FNDA:2,getMenu
FNDA:2,getMenus
DA:1,4
DA:3,4
DA:5,4
DA:8,5
DA:9,5
DA:10,5
DA:11,5
DA:12,5
DA:13,5
DA:14,5
DA:18,35
DA:19,35
DA:23,35
DA:24,35
DA:26,35
DA:30,0
DA:34,1
DA:35,1
DA:36,1
DA:40,2
DA:44,2
DA:47,4
LF:22
LH:21
BRF:0
BRH:0
end_of_record
TN:
SF:D:\Programming\react-mock-exam\src\server\server.js
FN:6,(anonymous_0)
FNF:1
FNH:0
FNDA:0,(anonymous_0)
DA:1,0
DA:3,0
DA:6,0
LF:3
LH:0
BRF:0
BRH:0
end_of_record
TN:
SF:D:\Programming\react-mock-exam\src\server\userrepo.js
FN:5,populateUsers
FN:10,resetUsers
FN:14,getUser
FN:19,verifyUser
FN:30,createUser
FNF:5
FNH:5
FNDA:3,populateUsers
FNDA:5,resetUsers
FNDA:9,getUser
FNDA:2,verifyUser
FNDA:6,createUser
DA:1,3
DA:3,3
DA:6,3
DA:7,3
DA:11,5
DA:16,9
DA:21,2
DA:23,2
DA:24,0
DA:27,2
DA:32,6
DA:33,0
DA:36,6
DA:41,6
DA:42,6
DA:45,3
LF:16
LH:14
BRDA:23,0,0,0
BRDA:23,0,1,2
BRDA:32,1,0,0
BRDA:32,1,1,6
BRF:4
BRH:2
end_of_record
